<?xml version="1.0" encoding="UTF-8"?>
<!-- Generated by org.testng.reporters.JUnitReportReporter -->
<testsuite hostname="DESKTOP-33C2FHH" failures="0" tests="1" name="Tests.PlaceOrderTest" time="12.914" errors="0" timestamp="2025-05-31T16:03:05 IST" skipped="0">
  <testcase classname="Tests.PlaceOrderTest" name="testPlaceOrder" time="12.914"/>
</testsuite> <!-- Tests.PlaceOrderTest -->
